0:100  0:100  MemLog inited, TSC freq: 3392140771
0:100  0:000  
0:100  0:000  Now is 15.6.2016,  16:56:48 (GMT+2047)
0:100  0:000  Starting Clover rev 3330 on American Megatrends EFI
0:100  0:000  SelfDevicePath=PciRoot(0x0)\Pci(0x1F,0x2)\Sata(0x1,0xFFFF,0x0)\HD(1,GPT,0E5F74EE-E80B-4573-86FF-9AE8A3F07682,0x800,0x96000) @CFD7A518
0:100  0:000  SelfDirPath = \EFI\CLOVER
0:100  0:000  Total Memory Slots Count = 4
0:100  0:000  Type 17 Index = 0
0:100  0:000  Ignoring insane frequency value 0MHz
0:100  0:000  SmbiosTable.Type17->Speed = 0MHz
0:100  0:000  SmbiosTable.Type17->Size = 0MB
0:100  0:000  SmbiosTable.Type17->Bank/Device = BANK 0 ChannelA-DIMM0
0:100  0:000  Type 17 Index = 1
0:100  0:000  SmbiosTable.Type17->Speed = 1600MHz
0:100  0:000  SmbiosTable.Type17->Size = 4096MB
0:100  0:000  SmbiosTable.Type17->Bank/Device = BANK 1 ChannelA-DIMM1
0:100  0:000  Type 17 Index = 2
0:100  0:000  Ignoring insane frequency value 0MHz
0:100  0:000  SmbiosTable.Type17->Speed = 0MHz
0:100  0:000  SmbiosTable.Type17->Size = 0MB
0:100  0:000  SmbiosTable.Type17->Bank/Device = BANK 2 ChannelB-DIMM0
0:100  0:000  Type 17 Index = 3
0:100  0:000  SmbiosTable.Type17->Speed = 1600MHz
0:100  0:000  SmbiosTable.Type17->Size = 4096MB
0:100  0:000  SmbiosTable.Type17->Bank/Device = BANK 3 ChannelB-DIMM1
0:100  0:000  Boot status=0
0:100  0:000  Clover revision: 3330  running on G1.Sniper B6
0:100  0:000  ... with board G1.Sniper B6-CF
0:100  0:000  CPU Vendor = 756E6547 Model=306C3
0:100  0:000  The CPU supported turbo
0:100  0:000  BrandString = Intel(R) Core(TM) i5-4670K CPU @ 3.40GHz
0:100  0:000  MSR 0xE2 before patch 1E000402
0:100  0:000  MSR 0xE4              00001814
0:100  0:000  MSR 0xCE              00080838_F3012200
0:100  0:000  non-usable FLEX_RATIO = F0000
0:100  0:000  corrected FLEX_RATIO = E0000
0:100  0:000  FSBFrequency=105MHz DMIvalue=100000kHz
0:100  0:000  Corrected FSBFrequency=100MHz
0:100  0:000  Vendor/Model/Stepping: 0x756E6547/0x3C/0x3
0:100  0:000  Family/ExtFamily: 0x6/0x0
0:100  0:000  MaxDiv/MinDiv: 34.0/8
0:100  0:000  Turbo: 36/37/38/38
0:100  0:000  Features: 0xBFEBFBFF
0:100  0:000  Threads: 4
0:100  0:000  Cores: 4
0:100  0:000  FSB: 100 MHz
0:100  0:000  CPU: 3600 MHz
0:100  0:000  TSC: 3600 MHz
0:100  0:000  PIS: 400 MHz
0:100  0:000  PCI (00|00:00.00) : 8086 0C00 class=060000
0:100  0:000  PCI (00|00:01.00) : 8086 0C01 class=060400
0:100  0:000  PCI (00|01:00.00) : 10DE 1401 class=030000
0:100  0:000  Found NVidia model=MSi GeForce GTX 960
0:100  0:000  PCI (00|01:00.01) : 10DE 0FBA class=040300
0:100  0:000  PCI (00|00:14.00) : 8086 8C31 class=0C0330
0:100  0:000  PCI (00|00:16.00) : 8086 8C3A class=078000
0:100  0:000  PCI (00|00:16.01) : FFFF FFFF class=FFFFFF
0:100  0:000  PCI (00|00:19.00) : 8086 153B class=020000
0:100  0:000  LAN 0, Vendor=8086, MMIO=F7100000
0:100  0:000  PCI (00|00:1A.00) : 8086 8C2D class=0C0320
0:100  0:000  PCI (00|00:1B.00) : 8086 8C20 class=040300
0:100  0:000  PCI (00|00:1C.00) : 8086 8C10 class=060400
0:100  0:000  PCI (00|00:1C.03) : 8086 244E class=060401
0:100  0:000  PCI (00|03:00.00) : 8086 244E class=060401
0:100  0:000  PCI (00|04:00.00) : 13F6 8788 class=040100
0:100  0:000  PCI (00|00:1D.00) : 8086 8C26 class=0C0320
0:100  0:000  PCI (00|00:1F.00) : 8086 8C50 class=060100
0:100  0:000  PCI (00|00:1F.02) : 8086 8C02 class=010601
0:100  0:000  PCI (00|00:1F.03) : 8086 8C22 class=0C0500
0:100  0:000  PCI (00|00:1F.06) : FFFF FFFF class=FFFFFF
0:100  0:000  Clover load options size = 0 bytes
0:134  0:033  Using OEM config.plist at path: EFI\CLOVER\config.plist
0:134  0:000  EFI\CLOVER\config.plist loaded: Success
0:134  0:000  Found theme directory: christmas
0:137  0:003  Found theme directory: EMBEDDED
0:138  0:001  Found theme directory: IOS7
0:142  0:003  Found theme directory: NEWYEAR
0:151  0:009  Found theme directory: RANDOM
0:152  0:001  Loading early settings
0:152  0:000  timeout set to 5
0:152  0:000  Custom boot CUSTOM_BOOT_APPLE (0x0)
0:152  0:000  Default theme: Yosemite
0:152  0:000  ** Warning: unknown custom entry Type 'Other'
0:152  0:000  LoadDrivers() start
0:160  0:007  Loading DataHubDxe-64.efi  status=Success
0:167  0:007  Loading FSInject-64.efi  status=Success
0:168  0:001  Loading OsxAptioFixDrv-64.efi  status=Success
0:170  0:001  Loading OsxFatBinaryDrv-64.efi  status=Success
0:172  0:001  Loading VBoxHfs-64.efi  status=Success
0:173  0:001   - driver needs connecting
0:173  0:000  Loading HFSPlus.efi  status=Success
0:174  0:001   - driver needs connecting
0:174  0:000  2 drivers needs connecting ...
0:174  0:000  PlatformDriverOverrideProtocol->GetDriver overriden
0:174  0:000  HFS+ driver loaded 
0:174  0:000  Searching for invalid DiskIo BY_DRIVER connects: not found, all ok
0:349  0:175  LoadDrivers() end
0:349  0:000  Dump SMC keys from NVRAM:
0:353  0:003  SetScreenResolution: 1920x1080 - setting Mode 4
0:541  0:187  Video mode change to mode #4: Success
0:541  0:000  Console modes reported: 6, available modes:
0:541  0:000    Mode 1: 80x25 (current mode)
0:541  0:000    Mode 2: 80x50
0:541  0:000    Mode 3: 100x31
0:541  0:000    Mode 4: 128x30
0:541  0:000    Mode 6: 120x50
0:541  0:000  reinit: self device path=PciRoot(0x0)\Pci(0x1F,0x2)\Sata(0x1,0xFFFF,0x0)\HD(1,GPT,0E5F74EE-E80B-4573-86FF-9AE8A3F07682,0x800,0x96000)
1:834  1:292  MAC address of LAN #0= FC:AA:14:E6:42:2B:
1:834  0:000  ScanSPD() start
1:834  0:000  SMBus CmdReg: 0x1
1:834  0:000  Scanning SMBus [8086:8C22], mmio: 0xF7135004, ioport: 0xF000, hostc: 0x11
1:834  0:000  Slots to scan [8]...
1:854  0:020  SPD[1]: Type 11 @0x51 
1:862  0:007  Found module with XMP version 1.2XMP Profile1: 10*1/8ns
1:862  0:000  Using XMP Profile1 instead of standard frequency 1600MHz
1:862  0:000  DDR speed 1600MHz 
1:862  0:000  Slot: 1 Type 24 4096MB 1600MHz Vendor=G Skill Intl PartNo=F3-12800CL9-4GBSR SerialNo=0000000000000000 
1:883  0:020  SPD[3]: Type 11 @0x53 
1:891  0:007  Found module with XMP version 1.2XMP Profile1: 10*1/8ns
1:891  0:000  Using XMP Profile1 instead of standard frequency 1600MHz
1:891  0:000  DDR speed 1600MHz 
1:891  0:000  Slot: 3 Type 24 4096MB 1600MHz Vendor=G Skill Intl PartNo=F3-12800CL9-4GBSR SerialNo=0000000000000000 
1:916  0:025  ScanSPD() end
1:916  0:000  Get Acpi Tables List from RSDT:
1:916  0:000   Found table: FACP  A M I len=132
1:916  0:000   Found table: APIC  A M I len=114
1:917  0:000   Found table: FPDT  A M I len=68
1:917  0:000   Found table: SSDT  Cpu0Ist len=1337
1:917  0:000   Found table: SSDT  CpuPm len=2776
1:917  0:000   Found table: MCFG  A M I len=60
1:917  0:000   Found table: HPET  A M I len=56
1:917  0:000   Found table: SSDT  SataTabl len=877
1:917  0:000   Found table: SSDT  SaSsdt  len=13537
1:917  0:000   Found table: BGRT  A M I len=56
1:917  0:000  Calibrated TSC frequency =3392140771 =3392MHz
1:917  0:000  Loading main settings
1:917  0:000  Dropping 1 tables
1:917  0:000  Drop table 0 signature="DMAR" (52414D44)
1:917  0:000  set table: 52414D44,                0 to drop:
1:917  0:000  Config set ChassisType=0xD
1:917  0:000  found 12 volumes with blockIO
1:917  0:000   0. Volume:
1:917  0:000    PciRoot(0x0)\Pci(0x1F,0x2)\Sata(0x1,0xFFFF,0x0)
1:925  0:008   1. Volume:
1:925  0:000    PciRoot(0x0)\Pci(0x1F,0x2)\Sata(0x3,0xFFFF,0x0)
1:925  0:000   2. Volume:
1:925  0:000    PciRoot(0x0)\Pci(0x1F,0x2)\Sata(0x1,0xFFFF,0x0)\HD(1,GPT,0E5F74EE-E80B-4573-86FF-9AE8A3F07682,0x800,0x96000)
1:926  0:000    Result of bootcode detection: bootable Windows (vista,win)
1:955  0:028    This is SelfVolume !!
1:955  0:000   3. Volume:
1:955  0:000    PciRoot(0x0)\Pci(0x1F,0x2)\Sata(0x1,0xFFFF,0x0)\HD(2,GPT,FEC04427-447A-4178-9E2C-12911A67B053,0x96800,0x40000)
1:955  0:000   4. Volume:
1:955  0:000    PciRoot(0x0)\Pci(0x1F,0x2)\Sata(0x1,0xFFFF,0x0)\HD(3,GPT,1D71EF19-B283-458A-9421-93D668C52B38,0xD6800,0xC2B2000)
1:956  0:000    Result of bootcode detection: bootable Windows (vista,win)
1:956  0:000   5. Volume:
1:956  0:000    PciRoot(0x0)\Pci(0x1F,0x2)\Sata(0x1,0xFFFF,0x0)\HD(4,GPT,0000DCFF-1D10-F197-979D-F90DFEB90100,0xC388800,0xAEC20E0)
1:956  0:000   6. Volume:
1:956  0:000    PciRoot(0x0)\Pci(0x1F,0x2)\Sata(0x1,0xFFFF,0x0)\HD(5,GPT,0CF78FF9-AC0A-44A2-B6FC-C6081283885B,0x1724A8E0,0x135F20)
1:957  0:000   7. Volume:
1:957  0:000    PciRoot(0x0)\Pci(0x1F,0x2)\Sata(0x1,0xFFFF,0x0)\HD(6,GPT,00008EFF-A840-6740-1E78-F511FE1D0100,0x17380800,0x1EFF3000)
1:958  0:000    Result of bootcode detection: bootable Windows (win)
1:958  0:000   8. Volume:
1:958  0:000    PciRoot(0x0)\Pci(0x1F,0x2)\Sata(0x1,0xFFFF,0x0)\HD(7,GPT,00009913-7BE0-F1F1-DFBF-F73726320100,0x36373800,0x3EDC8E8)
1:958  0:000   9. Volume:
1:958  0:000    PciRoot(0x0)\Pci(0x1F,0x2)\Sata(0x1,0xFFFF,0x0)\HD(8,GPT,1C1D0642-E7E4-4E85-837D-102E542F87E6,0x3A2500E8,0x135F20)
1:959  0:000  10. Volume:
1:959  0:000    PciRoot(0x0)\Pci(0x1F,0x2)\Sata(0x3,0xFFFF,0x0)\HD(1,GPT,FB6A4311-1328-4C9D-A21A-E449DE2DE46A,0x22,0x40000)
1:959  0:000  11. Volume:
1:959  0:000    PciRoot(0x0)\Pci(0x1F,0x2)\Sata(0x3,0xFFFF,0x0)\HD(2,GPT,74B3CDA0-A53D-441F-9B86-FF79F4FDC772,0x40800,0x746C5000)
1:960  0:000    Result of bootcode detection: bootable Windows (win)
1:960  0:000  GlobalConfig: theme.plist not found, get random theme NEWYEAR
1:961  0:001  Using theme 'NEWYEAR' (EFI\CLOVER\themes\NEWYEAR)
1:961  0:000  OS main and drive as badge
1:964  0:002  Choosing theme NEWYEAR
1:964  0:000  found boot-args in NVRAM:kext-dev-mode=1, size=16
1:964  0:000  ...found arg:kext-dev-mode=1
1:964  0:000  Custom entries start
1:964  0:000  Custom entry 0 skipped because it is disabled.
1:964  0:000  Custom entries finish
1:964  0:000  Scanning loaders...
1:964  0:000   0: 'Whole Disc Boot' no file system
1:964  0:000   1: 'Whole Disc Boot' no file system
1:964  0:000   2: 'EFI'
1:964  0:000      AddLoaderEntry for Volume Name=EFI
1:965  0:000      Not match custom entry 0: Type: not match
1:974  0:009    Icon 18 (icons\vol_internal_ntfs.icns) not found
1:974  0:000    Theme path EFI\CLOVER\themes\NEWYEAR, ThemeDir=CFD66318
1:976  0:001   3: 'Legacy HD2' no file system
1:976  0:000   4: 'Legacy HD3' no file system
1:976  0:000   5: 'MAC'
2:019  0:043      AddLoaderEntry for Volume Name=MAC
2:020  0:000      Not match custom entry 0: Type: not match
2:036  0:016      Check if volume Is Hibernated:
2:036  0:000      Check sleep image 'by signature':
2:073  0:037      read prefs \Library\Preferences\SystemConfiguration\com.apple.PowerManagement.plist status=Success
2:073  0:000      SleepImage name from pref: ImageVolume = 'MAC', ImageName = '\private\var\vm\sleepimage'
2:103  0:030      Reading first 512 bytes of sleepimage ...
2:113  0:010   OurBlockIoRead: Lba=D9889B0, Offset=1B31136000 (BlockSize=512)
2:113  0:000   sig lion: F1E0BE9D
2:113  0:000   sig snow: 0
2:113  0:000   no valid sleep image offset was found
2:113  0:000      Reading completed -> Success
2:113  0:000       sleepimage offset could not be acquired
2:113  0:000       hibernated: no - sign
2:116  0:002   6: 'Recovery HD'
2:117  0:001      AddLoaderEntry for Volume Name=Recovery HD
2:117  0:000      Not match custom entry 0: Type: not match
2:132  0:014   7: 'Legacy HD6' no file system
2:132  0:000   8: 'ELCAPITAL'
2:191  0:058      AddLoaderEntry for Volume Name=ELCAPITAL
2:191  0:000      Not match custom entry 0: Type: not match
2:197  0:006      Check if volume Is Hibernated:
2:197  0:000      Check sleep image 'by signature':
2:237  0:039      read prefs \Library\Preferences\SystemConfiguration\com.apple.PowerManagement.plist status=Success
2:237  0:000      SleepImage name from pref: ImageVolume = 'ELCAPITAL', ImageName = '\private\var\vm\sleepimage'
2:254  0:017      Reading first 512 bytes of sleepimage ...
2:261  0:006   OurBlockIoRead: Lba=378B3B58, Offset=6F1676B000 (BlockSize=512)
2:261  0:000   sig lion: 65641510
2:261  0:000   sig snow: 63697665
2:261  0:000   no valid sleep image offset was found
2:261  0:000      Reading completed -> Success
2:261  0:000       sleepimage offset could not be acquired
2:261  0:000       hibernated: no - sign
2:273  0:011   9: 'Recovery HD'
2:294  0:021      AddLoaderEntry for Volume Name=Recovery HD
2:294  0:000      Not match custom entry 0: Type: not match
2:307  0:012  10: 'Legacy HD1' no file system
2:307  0:000  11: 'Legacy HD2' no file system
2:307  0:000  Custom legacy start
2:307  0:000  Custom legacy end
2:307  0:000  Custom tool start
2:307  0:000  Custom tool end
2:334  0:026  found tool \EFI\CLOVER\tools\Shell64U.efi
2:334  0:000  Checking EFI partition Volume 2 for Clover
2:334  0:000   Found Clover
2:337  0:003  GetEfiBootDeviceFromNvram:
2:338  0:000   efi-boot-device-data: PciRoot(0x0)\Pci(0x1F,0x2)\Sata(0x1,0x0,0x0)\HD(7,GPT,00009913-7BE0-F1F1-DFBF-F73726320100,0x36373800,0x3EDC8E8)
2:338  0:000   Volume: 'PciRoot(0x0)\Pci(0x1F,0x2)\Sata(0x1,0x0,0x0)\HD(7,GPT,00009913-7BE0-F1F1-DFBF-F73726320100,0x36373800,0x3EDC8E8)'
2:338  0:000   LoaderPath: '<null string>'
2:338  0:000   Guid = 00009913-7BE0-F1F1-DFBF-F73726320100
2:338  0:000   volume: partition = PciRoot(0x0)\Pci(0x1F,0x2)\Sata(0x1,0x0,0x0)\HD(7,GPT,00009913-7BE0-F1F1-DFBF-F73726320100,0x36373800,0x3EDC8E8)
2:338  0:000   searching for that partition
2:338  0:000    found entry 3. 'Boot Mac OS X from ELCAPITAL', Volume 'ELCAPITAL'
2:338  0:000  Boot redirected to Entry 3. 'Boot Mac OS X from ELCAPITAL'
2:338  0:000  DefaultIndex=3 and MainMenu.EntryCount=11
2:338  0:000  Use anime=elka_1 frames=27
2:721  0:383  GUI ready
7:418  4:696  Found BIOS RSDP at F0000
7:418  0:000  Printing ACPI tables from RSDP F0000 ...
7:418  0:000   F0000: 'RSD PTR ', Rev: 2 (Acpi 2.0 or newer), Len: 36
7:418  0:000    (Xsdt: DC850078, Rsdt: DC850028)
7:418  0:000    DC850078: 'XSDT', 'A M I', Rev: 1, Len: 116
7:418  0:000    DC850028: 'RSDT', 'A M I', Rev: 1, Len: 76
7:418  0:000    Tables in Xsdt: 10
7:418  0:000    0. DC85CB30: 'FACP', 'A M I', Rev: 5, Len: 268
7:418  0:000        (Dsdt: DC850188, Facs: DC87E080, XDsdt: DC850188, XFacs: 0)
7:418  0:000        DC850188: 'DSDT', 'A M I', Rev: 2, Len: 51618
7:418  0:000        DC87E080: 'FACS', Ver: 2, Len: 64
7:418  0:000    1. DC85CC40: 'APIC', 'A M I', Rev: 3, Len: 114
7:418  0:000    2. DC85CCB8: 'FPDT', 'A M I', Rev: 1, Len: 68
7:418  0:000    3. DC85CD00: 'SSDT', 'Cpu0Ist', Rev: 1, Len: 1337
7:418  0:000    4. DC85D240: 'SSDT', 'CpuPm', Rev: 1, Len: 2776
7:418  0:000    5. DC85DD18: 'MCFG', 'A M I', Rev: 1, Len: 60
7:418  0:000    6. DC85DD58: 'HPET', 'A M I', Rev: 1, Len: 56
7:418  0:000    7. DC85DD90: 'SSDT', 'SataTabl', Rev: 1, Len: 877
7:418  0:000    8. DC85E100: 'SSDT', 'SaSsdt ', Rev: 1, Len: 13537
7:418  0:000    9. DC8615E8: 'BGRT', 'A M I', Rev: 0, Len: 56
7:418  0:000    Tables in Rsdt: 10
7:418  0:000    0. DC850100: 'FACP', 'A M I', Rev: 2, Len: 132
7:418  0:000        (Dsdt: DC850188, Facs: DC87E040)
7:418  0:000        DC850188: 'DSDT', 'A M I', Rev: 2, Len: 51618
7:419  0:000        DC87E040: 'FACS', Ver: 0, Len: 64
7:419  0:000    1. DC85CC40: 'APIC', 'A M I', Rev: 3, Len: 114
7:419  0:000    2. DC85CCB8: 'FPDT', 'A M I', Rev: 1, Len: 68
7:419  0:000    3. DC85CD00: 'SSDT', 'Cpu0Ist', Rev: 1, Len: 1337
7:419  0:000    4. DC85D240: 'SSDT', 'CpuPm', Rev: 1, Len: 2776
7:419  0:000    5. DC85DD18: 'MCFG', 'A M I', Rev: 1, Len: 60
7:419  0:000    6. DC85DD58: 'HPET', 'A M I', Rev: 1, Len: 56
7:419  0:000    7. DC85DD90: 'SSDT', 'SataTabl', Rev: 1, Len: 877
7:419  0:000    8. DC85E100: 'SSDT', 'SaSsdt ', Rev: 1, Len: 13537
7:419  0:000    9. DC8615E8: 'BGRT', 'A M I', Rev: 0, Len: 56
7:419  0:000  Found UEFI Acpi 2.0 RSDP at DC850000
7:419  0:000  Saving ACPI tables from RSDP DC850000 to EFI\CLOVER\ACPI\origin ...
7:419  0:000   DC850000: 'RSD PTR ', Rev: 2 (Acpi 2.0 or newer), Len: 36 -> RSDP.aml
7:452  0:032    (Xsdt: DC850078, Rsdt: DC850028)
7:452  0:000    DC850078: 'XSDT', 'A M I', Rev: 1, Len: 116 -> XSDT.aml
7:456  0:004    DC850028: 'RSDT', 'A M I', Rev: 1, Len: 76 -> RSDT.aml
7:460  0:004    Tables in Xsdt: 10
7:460  0:000    0. DC85CB30: 'FACP', 'A M I', Rev: 5, Len: 268 -> FACP.aml
7:464  0:004        (Dsdt: DC850188, Facs: DC87E080, XDsdt: DC850188, XFacs: 0)
7:464  0:000        DC850188: 'DSDT', 'A M I', Rev: 2, Len: 51618 -> DSDT.aml
7:469  0:004        DC87E080: 'FACS', Ver: 2, Len: 64 -> FACS.aml
7:474  0:004    1. DC85CC40: 'APIC', 'A M I', Rev: 3, Len: 114 -> APIC.aml
7:478  0:004    2. DC85CCB8: 'FPDT', 'A M I', Rev: 1, Len: 68 -> FPDT.aml
7:482  0:004    3. DC85CD00: 'SSDT', 'Cpu0Ist', Rev: 1, Len: 1337 -> SSDT-0.aml
7:494  0:012    4. DC85D240: 'SSDT', 'CpuPm', Rev: 1, Len: 2776
 Found hidden SSDT 4 pcs
7:494  0:000        * DB411A98: '$', '', Rev: 0, Len: 23117  24 05 00 10 4D 5A 00 00 00 00 00 00 00 00 00 00       * DC775618: 'SSDT', 'ApIst', Rev: 1, Len: 1450  53 53 44 54 AA 05 00 00 01 D3 50 6D 52 65 66 00 Internal length = 1450 -> SSDT-2x.aml
7:498  0:004        * DC775C18: 'SSDT', 'Cpu0Cst', Rev: 1, Len: 979  53 53 44 54 D3 03 00 00 01 B3 50 6D 52 65 66 00 Internal length = 979 -> SSDT-3x.aml
7:503  0:004        * DC774D98: 'SSDT', 'ApCst', Rev: 1, Len: 281  53 53 44 54 19 01 00 00 01 EF 50 6D 52 65 66 00 Internal length = 281 -> SSDT-4x.aml
7:507  0:004   -> SSDT-1.aml
7:511  0:004    5. DC85DD18: 'MCFG', 'A M I', Rev: 1, Len: 60 -> MCFG.aml
7:515  0:004    6. DC85DD58: 'HPET', 'A M I', Rev: 1, Len: 56 -> HPET.aml
7:519  0:004    7. DC85DD90: 'SSDT', 'SataTabl', Rev: 1, Len: 877 -> SSDT-5.aml
7:523  0:004    8. DC85E100: 'SSDT', 'SaSsdt ', Rev: 1, Len: 13537 -> SSDT-6.aml
7:528  0:004    9. DC8615E8: 'BGRT', 'A M I', Rev: 0, Len: 56 -> BGRT.aml
7:532  0:004    Tables in Rsdt: 10
7:532  0:000    0. DC850100: 'FACP', 'A M I', Rev: 2, Len: 132 -> RSDT-FACP.aml
7:536  0:004        (Dsdt: DC850188, Facs: DC87E040)
7:536  0:000        DC850188: 'DSDT', 'A M I', Rev: 2, Len: 51618
7:537  0:000        DC87E040: 'FACS', Ver: 0, Len: 64 -> RSDT-FACS.aml
7:541  0:004    1. DC85CC40: 'APIC', 'A M I', Rev: 3, Len: 114
7:541  0:000    2. DC85CCB8: 'FPDT', 'A M I', Rev: 1, Len: 68
7:541  0:000    3. DC85CD00: 'SSDT', 'Cpu0Ist', Rev: 1, Len: 1337
7:541  0:000    4. DC85D240: 'SSDT', 'CpuPm', Rev: 1, Len: 2776
7:541  0:000    5. DC85DD18: 'MCFG', 'A M I', Rev: 1, Len: 60
7:541  0:000    6. DC85DD58: 'HPET', 'A M I', Rev: 1, Len: 56
7:541  0:000    7. DC85DD90: 'SSDT', 'SataTabl', Rev: 1, Len: 877
7:541  0:000    8. DC85E100: 'SSDT', 'SaSsdt ', Rev: 1, Len: 13537
7:541  0:000    9. DC8615E8: 'BGRT', 'A M I', Rev: 0, Len: 56
7:541  0:000  Found UEFI Acpi 1.0 RSDP at DC850000
7:541  0:000  Printing ACPI tables from RSDP DC850000 ...
7:541  0:000   DC850000: 'RSD PTR ', Rev: 2 (Acpi 2.0 or newer), Len: 36
7:541  0:000    (Xsdt: DC850078, Rsdt: DC850028)
7:541  0:000    DC850078: 'XSDT', 'A M I', Rev: 1, Len: 116
7:541  0:000    DC850028: 'RSDT', 'A M I', Rev: 1, Len: 76
7:541  0:000    Tables in Xsdt: 10
7:541  0:000    0. DC85CB30: 'FACP', 'A M I', Rev: 5, Len: 268
7:541  0:000        (Dsdt: DC850188, Facs: DC87E080, XDsdt: DC850188, XFacs: 0)
7:541  0:000        DC850188: 'DSDT', 'A M I', Rev: 2, Len: 51618
7:542  0:000        DC87E080: 'FACS', Ver: 2, Len: 64
7:542  0:000    1. DC85CC40: 'APIC', 'A M I', Rev: 3, Len: 114
7:542  0:000    2. DC85CCB8: 'FPDT', 'A M I', Rev: 1, Len: 68
7:542  0:000    3. DC85CD00: 'SSDT', 'Cpu0Ist', Rev: 1, Len: 1337
7:542  0:000    4. DC85D240: 'SSDT', 'CpuPm', Rev: 1, Len: 2776
7:542  0:000    5. DC85DD18: 'MCFG', 'A M I', Rev: 1, Len: 60
7:542  0:000    6. DC85DD58: 'HPET', 'A M I', Rev: 1, Len: 56
7:542  0:000    7. DC85DD90: 'SSDT', 'SataTabl', Rev: 1, Len: 877
7:542  0:000    8. DC85E100: 'SSDT', 'SaSsdt ', Rev: 1, Len: 13537
7:542  0:000    9. DC8615E8: 'BGRT', 'A M I', Rev: 0, Len: 56
7:542  0:000    Tables in Rsdt: 10
7:542  0:000    0. DC850100: 'FACP', 'A M I', Rev: 2, Len: 132
7:542  0:000        (Dsdt: DC850188, Facs: DC87E040)
7:542  0:000        DC850188: 'DSDT', 'A M I', Rev: 2, Len: 51618
7:543  0:000        DC87E040: 'FACS', Ver: 0, Len: 64
7:543  0:000    1. DC85CC40: 'APIC', 'A M I', Rev: 3, Len: 114
7:543  0:000    2. DC85CCB8: 'FPDT', 'A M I', Rev: 1, Len: 68
7:543  0:000    3. DC85CD00: 'SSDT', 'Cpu0Ist', Rev: 1, Len: 1337
7:543  0:000    4. DC85D240: 'SSDT', 'CpuPm', Rev: 1, Len: 2776
7:543  0:000    5. DC85DD18: 'MCFG', 'A M I', Rev: 1, Len: 60
7:543  0:000    6. DC85DD58: 'HPET', 'A M I', Rev: 1, Len: 56
7:543  0:000    7. DC85DD90: 'SSDT', 'SataTabl', Rev: 1, Len: 877
7:543  0:000    8. DC85E100: 'SSDT', 'SaSsdt ', Rev: 1, Len: 13537
7:543  0:000    9. DC8615E8: 'BGRT', 'A M I', Rev: 0, Len: 56
